{"/Users/administrador/Documents/Profesional/proyectos/MIMO Movies/src/app.ts": {"path":"/Users/administrador/Documents/Profesional/proyectos/MIMO Movies/src/app.ts","statementMap":{"0":{"start":{"line":1,"column":0},"end":{"line":1,"column":30}},"1":{"start":{"line":2,"column":0},"end":{"line":2,"column":54}},"2":{"start":{"line":3,"column":0},"end":{"line":3,"column":58}},"3":{"start":{"line":4,"column":0},"end":{"line":4,"column":64}},"4":{"start":{"line":5,"column":0},"end":{"line":5,"column":52}},"5":{"start":{"line":6,"column":0},"end":{"line":6,"column":60}},"6":{"start":{"line":8,"column":12},"end":{"line":8,"column":21}},"7":{"start":{"line":19,"column":9},"end":{"line":19,"column":12}},"8":{"start":{"line":10,"column":0},"end":{"line":10,"column":24}},"9":{"start":{"line":11,"column":0},"end":{"line":11,"column":39}},"10":{"start":{"line":13,"column":0},"end":{"line":13,"column":33}},"11":{"start":{"line":14,"column":0},"end":{"line":14,"column":39}},"12":{"start":{"line":16,"column":0},"end":{"line":16,"column":25}},"13":{"start":{"line":17,"column":0},"end":{"line":17,"column":22}}},"fnMap":{},"branchMap":{},"s":{"0":3,"1":3,"2":3,"3":3,"4":3,"5":3,"6":3,"7":3,"8":3,"9":3,"10":3,"11":3,"12":3,"13":3},"f":{},"b":{}}
,"/Users/administrador/Documents/Profesional/proyectos/MIMO Movies/src/auth.ts": {"path":"/Users/administrador/Documents/Profesional/proyectos/MIMO Movies/src/auth.ts","statementMap":{"0":{"start":{"line":1,"column":0},"end":{"line":1,"column":28}},"1":{"start":{"line":3,"column":30},"end":{"line":5,"column":1}},"2":{"start":{"line":4,"column":2},"end":{"line":4,"column":57}},"3":{"start":{"line":3,"column":13},"end":{"line":3,"column":30}}},"fnMap":{"0":{"name":"(anonymous_1)","decl":{"start":{"line":3,"column":30},"end":{"line":3,"column":41}},"loc":{"start":{"line":3,"column":43},"end":{"line":5,"column":1}}}},"branchMap":{},"s":{"0":2,"1":2,"2":8,"3":2},"f":{"0":8},"b":{}}
,"/Users/administrador/Documents/Profesional/proyectos/MIMO Movies/src/config.ts": {"path":"/Users/administrador/Documents/Profesional/proyectos/MIMO Movies/src/config.ts","statementMap":{"0":{"start":{"line":1,"column":15},"end":{"line":4,"column":2}},"1":{"start":{"line":6,"column":9},"end":{"line":6,"column":15}}},"fnMap":{},"branchMap":{"0":{"loc":{"start":{"line":2,"column":8},"end":{"line":2,"column":40}},"type":"binary-expr","locations":[{"start":{"line":2,"column":8},"end":{"line":2,"column":32}},{"start":{"line":2,"column":36},"end":{"line":2,"column":40}}]},"1":{"loc":{"start":{"line":3,"column":11},"end":{"line":3,"column":54}},"type":"binary-expr","locations":[{"start":{"line":3,"column":11},"end":{"line":3,"column":30}},{"start":{"line":3,"column":34},"end":{"line":3,"column":54}}]}},"s":{"0":3,"1":3},"f":{},"b":{"0":[3,3],"1":[3,3]}}
,"/Users/administrador/Documents/Profesional/proyectos/MIMO Movies/src/db.ts": {"path":"/Users/administrador/Documents/Profesional/proyectos/MIMO Movies/src/db.ts","statementMap":{"0":{"start":{"line":1,"column":0},"end":{"line":1,"column":56}},"1":{"start":{"line":2,"column":0},"end":{"line":2,"column":34}},"2":{"start":{"line":44,"column":0},"end":{"line":44,"column":13}},"3":{"start":{"line":52,"column":0},"end":{"line":52,"column":13}},"4":{"start":{"line":59,"column":0},"end":{"line":59,"column":13}},"5":{"start":{"line":68,"column":0},"end":{"line":68,"column":13}},"6":{"start":{"line":83,"column":11},"end":{"line":87,"column":2}},"7":{"start":{"line":93,"column":17},"end":{"line":300,"column":2}},"8":{"start":{"line":95,"column":4},"end":{"line":95,"column":14}},"9":{"start":{"line":100,"column":4},"end":{"line":134,"column":6}},"10":{"start":{"line":137,"column":4},"end":{"line":163,"column":6}},"11":{"start":{"line":166,"column":4},"end":{"line":221,"column":6}},"12":{"start":{"line":224,"column":4},"end":{"line":272,"column":6}},"13":{"start":{"line":278,"column":4},"end":{"line":278,"column":66}},"14":{"start":{"line":279,"column":4},"end":{"line":279,"column":65}},"15":{"start":{"line":281,"column":4},"end":{"line":281,"column":80}},"16":{"start":{"line":282,"column":4},"end":{"line":282,"column":72}},"17":{"start":{"line":284,"column":4},"end":{"line":284,"column":68}},"18":{"start":{"line":285,"column":4},"end":{"line":285,"column":68}},"19":{"start":{"line":287,"column":4},"end":{"line":287,"column":82}},"20":{"start":{"line":288,"column":4},"end":{"line":288,"column":75}},"21":{"start":{"line":290,"column":4},"end":{"line":290,"column":20}},"22":{"start":{"line":294,"column":4},"end":{"line":294,"column":35}},"23":{"start":{"line":298,"column":4},"end":{"line":298,"column":21}},"24":{"start":{"line":302,"column":0},"end":{"line":302,"column":24}}},"fnMap":{"0":{"name":"(anonymous_0)","decl":{"start":{"line":94,"column":2},"end":{"line":94,"column":6}},"loc":{"start":{"line":94,"column":14},"end":{"line":96,"column":3}}},"1":{"name":"(anonymous_1)","decl":{"start":{"line":98,"column":2},"end":{"line":98,"column":7}},"loc":{"start":{"line":98,"column":18},"end":{"line":291,"column":3}}},"2":{"name":"(anonymous_2)","decl":{"start":{"line":293,"column":2},"end":{"line":293,"column":7}},"loc":{"start":{"line":293,"column":13},"end":{"line":295,"column":3}}},"3":{"name":"(anonymous_3)","decl":{"start":{"line":297,"column":2},"end":{"line":297,"column":7}},"loc":{"start":{"line":297,"column":13},"end":{"line":299,"column":3}}}},"branchMap":{},"s":{"0":3,"1":3,"2":3,"3":3,"4":3,"5":3,"6":3,"7":3,"8":12,"9":3,"10":3,"11":3,"12":3,"13":3,"14":3,"15":3,"16":3,"17":3,"18":3,"19":3,"20":3,"21":3,"22":0,"23":0,"24":3},"f":{"0":12,"1":3,"2":0,"3":0},"b":{}}
,"/Users/administrador/Documents/Profesional/proyectos/MIMO Movies/src/controllers/movies.controller.ts": {"path":"/Users/administrador/Documents/Profesional/proyectos/MIMO Movies/src/controllers/movies.controller.ts","statementMap":{"0":{"start":{"line":2,"column":0},"end":{"line":2,"column":45}},"1":{"start":{"line":3,"column":0},"end":{"line":3,"column":null}},"2":{"start":{"line":8,"column":13},"end":{"line":46,"column":2}},"3":{"start":{"line":12,"column":28},"end":{"line":12,"column":60}},"4":{"start":{"line":14,"column":19},"end":{"line":14,"column":70}},"5":{"start":{"line":16,"column":23},"end":{"line":19,"column":null}},"6":{"start":{"line":22,"column":4},"end":{"line":25,"column":7}},"7":{"start":{"line":30,"column":20},"end":{"line":30,"column":52}},"8":{"start":{"line":32,"column":4},"end":{"line":35,"column":5}},"9":{"start":{"line":33,"column":6},"end":{"line":33,"column":58}},"10":{"start":{"line":34,"column":6},"end":{"line":34,"column":13}},"11":{"start":{"line":37,"column":18},"end":{"line":37,"column":62}},"12":{"start":{"line":39,"column":4},"end":{"line":42,"column":5}},"13":{"start":{"line":40,"column":6},"end":{"line":40,"column":57}},"14":{"start":{"line":41,"column":6},"end":{"line":41,"column":13}},"15":{"start":{"line":44,"column":4},"end":{"line":44,"column":20}}},"fnMap":{"0":{"name":"(anonymous_0)","decl":{"start":{"line":11,"column":2},"end":{"line":11,"column":7}},"loc":{"start":{"line":11,"column":48},"end":{"line":26,"column":3}}},"1":{"name":"(anonymous_1)","decl":{"start":{"line":29,"column":2},"end":{"line":29,"column":7}},"loc":{"start":{"line":29,"column":48},"end":{"line":45,"column":3}}}},"branchMap":{"0":{"loc":{"start":{"line":32,"column":4},"end":{"line":35,"column":5}},"type":"if","locations":[{"start":{"line":32,"column":4},"end":{"line":35,"column":5}},{"start":{},"end":{}}]},"1":{"loc":{"start":{"line":39,"column":4},"end":{"line":42,"column":5}},"type":"if","locations":[{"start":{"line":39,"column":4},"end":{"line":42,"column":5}},{"start":{},"end":{}}]}},"s":{"0":3,"1":3,"2":3,"3":2,"4":2,"5":2,"6":2,"7":2,"8":2,"9":0,"10":0,"11":2,"12":2,"13":1,"14":1,"15":1},"f":{"0":2,"1":2},"b":{"0":[0,2],"1":[1,1]}}
,"/Users/administrador/Documents/Profesional/proyectos/MIMO Movies/src/controllers/ratings.controller.ts": {"path":"/Users/administrador/Documents/Profesional/proyectos/MIMO Movies/src/controllers/ratings.controller.ts","statementMap":{"0":{"start":{"line":2,"column":0},"end":{"line":2,"column":47}},"1":{"start":{"line":3,"column":0},"end":{"line":3,"column":45}},"2":{"start":{"line":4,"column":0},"end":{"line":4,"column":null}},"3":{"start":{"line":13,"column":13},"end":{"line":137,"column":2}},"4":{"start":{"line":16,"column":20},"end":{"line":16,"column":46}},"5":{"start":{"line":17,"column":28},"end":{"line":17,"column":60}},"6":{"start":{"line":19,"column":18},"end":{"line":19,"column":52}},"7":{"start":{"line":20,"column":4},"end":{"line":23,"column":5}},"8":{"start":{"line":21,"column":6},"end":{"line":21,"column":57}},"9":{"start":{"line":22,"column":6},"end":{"line":22,"column":13}},"10":{"start":{"line":25,"column":19},"end":{"line":28,"column":6}},"11":{"start":{"line":30,"column":4},"end":{"line":33,"column":7}},"12":{"start":{"line":38,"column":20},"end":{"line":38,"column":46}},"13":{"start":{"line":39,"column":21},"end":{"line":39,"column":48}},"14":{"start":{"line":41,"column":19},"end":{"line":43,"column":null}},"15":{"start":{"line":46,"column":4},"end":{"line":49,"column":5}},"16":{"start":{"line":47,"column":6},"end":{"line":47,"column":58}},"17":{"start":{"line":48,"column":6},"end":{"line":48,"column":13}},"18":{"start":{"line":51,"column":4},"end":{"line":51,"column":21}},"19":{"start":{"line":56,"column":20},"end":{"line":56,"column":47}},"20":{"start":{"line":57,"column":20},"end":{"line":57,"column":46}},"21":{"start":{"line":59,"column":18},"end":{"line":59,"column":52}},"22":{"start":{"line":60,"column":4},"end":{"line":63,"column":5}},"23":{"start":{"line":61,"column":6},"end":{"line":61,"column":57}},"24":{"start":{"line":62,"column":6},"end":{"line":62,"column":13}},"25":{"start":{"line":65,"column":21},"end":{"line":67,"column":null}},"26":{"start":{"line":70,"column":4},"end":{"line":73,"column":5}},"27":{"start":{"line":71,"column":6},"end":{"line":71,"column":69}},"28":{"start":{"line":72,"column":6},"end":{"line":72,"column":13}},"29":{"start":{"line":75,"column":19},"end":{"line":80,"column":6}},"30":{"start":{"line":82,"column":4},"end":{"line":85,"column":20}},"31":{"start":{"line":90,"column":20},"end":{"line":90,"column":47}},"32":{"start":{"line":91,"column":34},"end":{"line":91,"column":44}},"33":{"start":{"line":93,"column":19},"end":{"line":95,"column":null}},"34":{"start":{"line":98,"column":4},"end":{"line":101,"column":5}},"35":{"start":{"line":99,"column":6},"end":{"line":99,"column":58}},"36":{"start":{"line":100,"column":6},"end":{"line":100,"column":13}},"37":{"start":{"line":103,"column":4},"end":{"line":106,"column":5}},"38":{"start":{"line":104,"column":6},"end":{"line":104,"column":51}},"39":{"start":{"line":105,"column":6},"end":{"line":105,"column":13}},"40":{"start":{"line":108,"column":4},"end":{"line":108,"column":50}},"41":{"start":{"line":110,"column":20},"end":{"line":110,"column":57}},"42":{"start":{"line":111,"column":4},"end":{"line":111,"column":22}},"43":{"start":{"line":116,"column":20},"end":{"line":116,"column":47}},"44":{"start":{"line":117,"column":34},"end":{"line":117,"column":44}},"45":{"start":{"line":119,"column":19},"end":{"line":121,"column":null}},"46":{"start":{"line":124,"column":4},"end":{"line":127,"column":5}},"47":{"start":{"line":125,"column":6},"end":{"line":125,"column":58}},"48":{"start":{"line":126,"column":6},"end":{"line":126,"column":13}},"49":{"start":{"line":129,"column":4},"end":{"line":132,"column":5}},"50":{"start":{"line":130,"column":6},"end":{"line":130,"column":51}},"51":{"start":{"line":131,"column":6},"end":{"line":131,"column":13}},"52":{"start":{"line":134,"column":4},"end":{"line":134,"column":40}},"53":{"start":{"line":135,"column":4},"end":{"line":135,"column":26}}},"fnMap":{"0":{"name":"(anonymous_0)","decl":{"start":{"line":15,"column":2},"end":{"line":15,"column":7}},"loc":{"start":{"line":15,"column":42},"end":{"line":34,"column":3}}},"1":{"name":"(anonymous_1)","decl":{"start":{"line":37,"column":2},"end":{"line":37,"column":7}},"loc":{"start":{"line":37,"column":43},"end":{"line":52,"column":3}}},"2":{"name":"(anonymous_2)","decl":{"start":{"line":55,"column":2},"end":{"line":55,"column":7}},"loc":{"start":{"line":55,"column":42},"end":{"line":86,"column":3}}},"3":{"name":"(anonymous_3)","decl":{"start":{"line":89,"column":2},"end":{"line":89,"column":7}},"loc":{"start":{"line":89,"column":42},"end":{"line":112,"column":3}}},"4":{"name":"(anonymous_4)","decl":{"start":{"line":115,"column":2},"end":{"line":115,"column":7}},"loc":{"start":{"line":115,"column":42},"end":{"line":136,"column":3}}}},"branchMap":{"0":{"loc":{"start":{"line":20,"column":4},"end":{"line":23,"column":5}},"type":"if","locations":[{"start":{"line":20,"column":4},"end":{"line":23,"column":5}},{"start":{},"end":{}}]},"1":{"loc":{"start":{"line":46,"column":4},"end":{"line":49,"column":5}},"type":"if","locations":[{"start":{"line":46,"column":4},"end":{"line":49,"column":5}},{"start":{},"end":{}}]},"2":{"loc":{"start":{"line":60,"column":4},"end":{"line":63,"column":5}},"type":"if","locations":[{"start":{"line":60,"column":4},"end":{"line":63,"column":5}},{"start":{},"end":{}}]},"3":{"loc":{"start":{"line":70,"column":4},"end":{"line":73,"column":5}},"type":"if","locations":[{"start":{"line":70,"column":4},"end":{"line":73,"column":5}},{"start":{},"end":{}}]},"4":{"loc":{"start":{"line":98,"column":4},"end":{"line":101,"column":5}},"type":"if","locations":[{"start":{"line":98,"column":4},"end":{"line":101,"column":5}},{"start":{},"end":{}}]},"5":{"loc":{"start":{"line":103,"column":4},"end":{"line":106,"column":5}},"type":"if","locations":[{"start":{"line":103,"column":4},"end":{"line":106,"column":5}},{"start":{},"end":{}}]},"6":{"loc":{"start":{"line":124,"column":4},"end":{"line":127,"column":5}},"type":"if","locations":[{"start":{"line":124,"column":4},"end":{"line":127,"column":5}},{"start":{},"end":{}}]},"7":{"loc":{"start":{"line":129,"column":4},"end":{"line":132,"column":5}},"type":"if","locations":[{"start":{"line":129,"column":4},"end":{"line":132,"column":5}},{"start":{},"end":{}}]}},"s":{"0":3,"1":3,"2":3,"3":3,"4":0,"5":0,"6":0,"7":0,"8":0,"9":0,"10":0,"11":0,"12":0,"13":0,"14":0,"15":0,"16":0,"17":0,"18":0,"19":3,"20":3,"21":3,"22":3,"23":0,"24":0,"25":3,"26":3,"27":1,"28":1,"29":2,"30":2,"31":0,"32":0,"33":0,"34":0,"35":0,"36":0,"37":0,"38":0,"39":0,"40":0,"41":0,"42":0,"43":0,"44":0,"45":0,"46":0,"47":0,"48":0,"49":0,"50":0,"51":0,"52":0,"53":0},"f":{"0":0,"1":0,"2":3,"3":0,"4":0},"b":{"0":[0,0],"1":[0,0],"2":[0,3],"3":[1,2],"4":[0,0],"5":[0,0],"6":[0,0],"7":[0,0]}}
,"/Users/administrador/Documents/Profesional/proyectos/MIMO Movies/src/controllers/watchlist.controller.ts": {"path":"/Users/administrador/Documents/Profesional/proyectos/MIMO Movies/src/controllers/watchlist.controller.ts","statementMap":{"0":{"start":{"line":2,"column":0},"end":{"line":2,"column":61}},"1":{"start":{"line":3,"column":0},"end":{"line":3,"column":45}},"2":{"start":{"line":4,"column":0},"end":{"line":4,"column":43}},"3":{"start":{"line":5,"column":0},"end":{"line":5,"column":null}},"4":{"start":{"line":14,"column":13},"end":{"line":134,"column":2}},"5":{"start":{"line":17,"column":20},"end":{"line":17,"column":47}},"6":{"start":{"line":18,"column":19},"end":{"line":18,"column":44}},"7":{"start":{"line":20,"column":4},"end":{"line":23,"column":5}},"8":{"start":{"line":21,"column":6},"end":{"line":21,"column":51}},"9":{"start":{"line":22,"column":6},"end":{"line":22,"column":13}},"10":{"start":{"line":25,"column":17},"end":{"line":25,"column":49}},"11":{"start":{"line":26,"column":4},"end":{"line":29,"column":5}},"12":{"start":{"line":27,"column":6},"end":{"line":27,"column":56}},"13":{"start":{"line":28,"column":6},"end":{"line":28,"column":13}},"14":{"start":{"line":31,"column":28},"end":{"line":31,"column":60}},"15":{"start":{"line":33,"column":19},"end":{"line":36,"column":6}},"16":{"start":{"line":38,"column":4},"end":{"line":41,"column":7}},"17":{"start":{"line":46,"column":20},"end":{"line":46,"column":47}},"18":{"start":{"line":47,"column":19},"end":{"line":47,"column":44}},"19":{"start":{"line":48,"column":24},"end":{"line":48,"column":32}},"20":{"start":{"line":50,"column":4},"end":{"line":53,"column":5}},"21":{"start":{"line":51,"column":6},"end":{"line":51,"column":51}},"22":{"start":{"line":52,"column":6},"end":{"line":52,"column":13}},"23":{"start":{"line":55,"column":18},"end":{"line":55,"column":52}},"24":{"start":{"line":56,"column":4},"end":{"line":59,"column":5}},"25":{"start":{"line":57,"column":6},"end":{"line":57,"column":57}},"26":{"start":{"line":58,"column":6},"end":{"line":58,"column":13}},"27":{"start":{"line":61,"column":21},"end":{"line":63,"column":null}},"28":{"start":{"line":66,"column":4},"end":{"line":69,"column":5}},"29":{"start":{"line":67,"column":6},"end":{"line":67,"column":68}},"30":{"start":{"line":68,"column":6},"end":{"line":68,"column":13}},"31":{"start":{"line":71,"column":17},"end":{"line":75,"column":6}},"32":{"start":{"line":77,"column":4},"end":{"line":80,"column":18}},"33":{"start":{"line":85,"column":20},"end":{"line":85,"column":47}},"34":{"start":{"line":86,"column":31},"end":{"line":86,"column":41}},"35":{"start":{"line":88,"column":4},"end":{"line":91,"column":5}},"36":{"start":{"line":89,"column":6},"end":{"line":89,"column":51}},"37":{"start":{"line":90,"column":6},"end":{"line":90,"column":13}},"38":{"start":{"line":93,"column":17},"end":{"line":95,"column":null}},"39":{"start":{"line":98,"column":4},"end":{"line":101,"column":5}},"40":{"start":{"line":99,"column":6},"end":{"line":99,"column":66}},"41":{"start":{"line":100,"column":6},"end":{"line":100,"column":13}},"42":{"start":{"line":103,"column":4},"end":{"line":105,"column":7}},"43":{"start":{"line":107,"column":20},"end":{"line":107,"column":62}},"44":{"start":{"line":108,"column":4},"end":{"line":108,"column":22}},"45":{"start":{"line":113,"column":20},"end":{"line":113,"column":47}},"46":{"start":{"line":114,"column":31},"end":{"line":114,"column":41}},"47":{"start":{"line":116,"column":4},"end":{"line":119,"column":5}},"48":{"start":{"line":117,"column":6},"end":{"line":117,"column":51}},"49":{"start":{"line":118,"column":6},"end":{"line":118,"column":13}},"50":{"start":{"line":121,"column":17},"end":{"line":123,"column":null}},"51":{"start":{"line":126,"column":4},"end":{"line":129,"column":5}},"52":{"start":{"line":127,"column":6},"end":{"line":127,"column":66}},"53":{"start":{"line":128,"column":6},"end":{"line":128,"column":13}},"54":{"start":{"line":131,"column":4},"end":{"line":131,"column":45}},"55":{"start":{"line":132,"column":4},"end":{"line":132,"column":26}}},"fnMap":{"0":{"name":"(anonymous_0)","decl":{"start":{"line":16,"column":2},"end":{"line":16,"column":7}},"loc":{"start":{"line":16,"column":42},"end":{"line":42,"column":3}}},"1":{"name":"(anonymous_1)","decl":{"start":{"line":45,"column":2},"end":{"line":45,"column":7}},"loc":{"start":{"line":45,"column":42},"end":{"line":81,"column":3}}},"2":{"name":"(anonymous_2)","decl":{"start":{"line":84,"column":2},"end":{"line":84,"column":7}},"loc":{"start":{"line":84,"column":42},"end":{"line":109,"column":3}}},"3":{"name":"(anonymous_3)","decl":{"start":{"line":112,"column":2},"end":{"line":112,"column":7}},"loc":{"start":{"line":112,"column":42},"end":{"line":133,"column":3}}}},"branchMap":{"0":{"loc":{"start":{"line":20,"column":4},"end":{"line":23,"column":5}},"type":"if","locations":[{"start":{"line":20,"column":4},"end":{"line":23,"column":5}},{"start":{},"end":{}}]},"1":{"loc":{"start":{"line":26,"column":4},"end":{"line":29,"column":5}},"type":"if","locations":[{"start":{"line":26,"column":4},"end":{"line":29,"column":5}},{"start":{},"end":{}}]},"2":{"loc":{"start":{"line":50,"column":4},"end":{"line":53,"column":5}},"type":"if","locations":[{"start":{"line":50,"column":4},"end":{"line":53,"column":5}},{"start":{},"end":{}}]},"3":{"loc":{"start":{"line":56,"column":4},"end":{"line":59,"column":5}},"type":"if","locations":[{"start":{"line":56,"column":4},"end":{"line":59,"column":5}},{"start":{},"end":{}}]},"4":{"loc":{"start":{"line":66,"column":4},"end":{"line":69,"column":5}},"type":"if","locations":[{"start":{"line":66,"column":4},"end":{"line":69,"column":5}},{"start":{},"end":{}}]},"5":{"loc":{"start":{"line":88,"column":4},"end":{"line":91,"column":5}},"type":"if","locations":[{"start":{"line":88,"column":4},"end":{"line":91,"column":5}},{"start":{},"end":{}}]},"6":{"loc":{"start":{"line":98,"column":4},"end":{"line":101,"column":5}},"type":"if","locations":[{"start":{"line":98,"column":4},"end":{"line":101,"column":5}},{"start":{},"end":{}}]},"7":{"loc":{"start":{"line":116,"column":4},"end":{"line":119,"column":5}},"type":"if","locations":[{"start":{"line":116,"column":4},"end":{"line":119,"column":5}},{"start":{},"end":{}}]},"8":{"loc":{"start":{"line":126,"column":4},"end":{"line":129,"column":5}},"type":"if","locations":[{"start":{"line":126,"column":4},"end":{"line":129,"column":5}},{"start":{},"end":{}}]}},"s":{"0":3,"1":3,"2":3,"3":3,"4":3,"5":1,"6":1,"7":1,"8":1,"9":1,"10":0,"11":0,"12":0,"13":0,"14":0,"15":0,"16":0,"17":4,"18":4,"19":4,"20":4,"21":0,"22":0,"23":4,"24":4,"25":0,"26":0,"27":4,"28":4,"29":1,"30":1,"31":3,"32":3,"33":1,"34":1,"35":1,"36":0,"37":0,"38":1,"39":1,"40":0,"41":0,"42":1,"43":1,"44":1,"45":0,"46":0,"47":0,"48":0,"49":0,"50":0,"51":0,"52":0,"53":0,"54":0,"55":0},"f":{"0":1,"1":4,"2":1,"3":0},"b":{"0":[1,0],"1":[0,0],"2":[0,4],"3":[0,4],"4":[1,3],"5":[0,1],"6":[0,1],"7":[0,0],"8":[0,0]}}
,"/Users/administrador/Documents/Profesional/proyectos/MIMO Movies/src/middlewares/errorHandler.ts": {"path":"/Users/administrador/Documents/Profesional/proyectos/MIMO Movies/src/middlewares/errorHandler.ts","statementMap":{"0":{"start":{"line":3,"column":28},"end":{"line":16,"column":1}},"1":{"start":{"line":9,"column":2},"end":{"line":11,"column":3}},"2":{"start":{"line":10,"column":4},"end":{"line":10,"column":21}},"3":{"start":{"line":13,"column":2},"end":{"line":13,"column":21}},"4":{"start":{"line":15,"column":2},"end":{"line":15,"column":59}},"5":{"start":{"line":3,"column":13},"end":{"line":3,"column":28}}},"fnMap":{"0":{"name":"(anonymous_0)","decl":{"start":{"line":3,"column":28},"end":{"line":3,"column":null}},"loc":{"start":{"line":8,"column":10},"end":{"line":16,"column":1}}}},"branchMap":{"0":{"loc":{"start":{"line":9,"column":2},"end":{"line":11,"column":3}},"type":"if","locations":[{"start":{"line":9,"column":2},"end":{"line":11,"column":3}},{"start":{},"end":{}}]}},"s":{"0":3,"1":0,"2":0,"3":0,"4":0,"5":3},"f":{"0":0},"b":{"0":[0,0]}}
,"/Users/administrador/Documents/Profesional/proyectos/MIMO Movies/src/middlewares/notFoundHandler.ts": {"path":"/Users/administrador/Documents/Profesional/proyectos/MIMO Movies/src/middlewares/notFoundHandler.ts","statementMap":{"0":{"start":{"line":3,"column":31},"end":{"line":5,"column":1}},"1":{"start":{"line":4,"column":2},"end":{"line":4,"column":47}},"2":{"start":{"line":3,"column":13},"end":{"line":3,"column":31}}},"fnMap":{"0":{"name":"(anonymous_0)","decl":{"start":{"line":3,"column":31},"end":{"line":3,"column":32}},"loc":{"start":{"line":3,"column":69},"end":{"line":5,"column":1}}}},"branchMap":{},"s":{"0":3,"1":0,"2":3},"f":{"0":0},"b":{}}
,"/Users/administrador/Documents/Profesional/proyectos/MIMO Movies/src/middlewares/respondTo.ts": {"path":"/Users/administrador/Documents/Profesional/proyectos/MIMO Movies/src/middlewares/respondTo.ts","statementMap":{"0":{"start":{"line":4,"column":2},"end":{"line":21,"column":3}},"1":{"start":{"line":5,"column":2},"end":{"line":21,"column":3}},"2":{"start":{"line":6,"column":27},"end":{"line":12,"column":null}},"3":{"start":{"line":7,"column":38},"end":{"line":12,"column":8}},"4":{"start":{"line":10,"column":10},"end":{"line":10,"column":17}},"5":{"start":{"line":15,"column":4},"end":{"line":20,"column":7}},"6":{"start":{"line":18,"column":8},"end":{"line":18,"column":58}},"7":{"start":{"line":3,"column":13},"end":{"line":3,"column":null}}},"fnMap":{"0":{"name":"(anonymous_0)","decl":{"start":{"line":4,"column":2},"end":{"line":4,"column":3}},"loc":{"start":{"line":5,"column":2},"end":{"line":21,"column":3}}},"1":{"name":"(anonymous_1)","decl":{"start":{"line":5,"column":2},"end":{"line":5,"column":3}},"loc":{"start":{"line":5,"column":60},"end":{"line":21,"column":3}}},"2":{"name":"(anonymous_2)","decl":{"start":{"line":7,"column":26},"end":{"line":7,"column":27}},"loc":{"start":{"line":7,"column":38},"end":{"line":12,"column":8}}},"3":{"name":"(anonymous_3)","decl":{"start":{"line":9,"column":8},"end":{"line":9,"column":11}},"loc":{"start":{"line":9,"column":13},"end":{"line":11,"column":9}}},"4":{"name":"(anonymous_4)","decl":{"start":{"line":17,"column":15},"end":{"line":17,"column":18}},"loc":{"start":{"line":17,"column":20},"end":{"line":19,"column":7}}}},"branchMap":{},"s":{"0":3,"1":3,"2":15,"3":15,"4":15,"5":15,"6":0,"7":3},"f":{"0":3,"1":15,"2":15,"3":15,"4":0},"b":{}}
,"/Users/administrador/Documents/Profesional/proyectos/MIMO Movies/src/middlewares/validatePayload.ts": {"path":"/Users/administrador/Documents/Profesional/proyectos/MIMO Movies/src/middlewares/validatePayload.ts","statementMap":{"0":{"start":{"line":5,"column":2},"end":{"line":16,"column":3}},"1":{"start":{"line":6,"column":2},"end":{"line":16,"column":3}},"2":{"start":{"line":7,"column":20},"end":{"line":7,"column":28}},"3":{"start":{"line":8,"column":19},"end":{"line":8,"column":43}},"4":{"start":{"line":10,"column":4},"end":{"line":13,"column":5}},"5":{"start":{"line":11,"column":6},"end":{"line":11,"column":60}},"6":{"start":{"line":12,"column":6},"end":{"line":12,"column":13}},"7":{"start":{"line":15,"column":4},"end":{"line":15,"column":11}},"8":{"start":{"line":4,"column":13},"end":{"line":4,"column":null}}},"fnMap":{"0":{"name":"(anonymous_0)","decl":{"start":{"line":5,"column":2},"end":{"line":5,"column":3}},"loc":{"start":{"line":6,"column":2},"end":{"line":16,"column":3}}},"1":{"name":"(anonymous_1)","decl":{"start":{"line":6,"column":2},"end":{"line":6,"column":3}},"loc":{"start":{"line":6,"column":60},"end":{"line":16,"column":3}}}},"branchMap":{"0":{"loc":{"start":{"line":10,"column":4},"end":{"line":13,"column":5}},"type":"if","locations":[{"start":{"line":10,"column":4},"end":{"line":13,"column":5}},{"start":{},"end":{}}]}},"s":{"0":3,"1":12,"2":9,"3":9,"4":9,"5":1,"6":1,"7":8,"8":3},"f":{"0":12,"1":9},"b":{"0":[1,8]}}
,"/Users/administrador/Documents/Profesional/proyectos/MIMO Movies/src/middlewares/verifyToken.ts": {"path":"/Users/administrador/Documents/Profesional/proyectos/MIMO Movies/src/middlewares/verifyToken.ts","statementMap":{"0":{"start":{"line":2,"column":0},"end":{"line":2,"column":43}},"1":{"start":{"line":8,"column":27},"end":{"line":30,"column":1}},"2":{"start":{"line":13,"column":17},"end":{"line":13,"column":51}},"3":{"start":{"line":15,"column":2},"end":{"line":18,"column":3}},"4":{"start":{"line":16,"column":4},"end":{"line":16,"column":54}},"5":{"start":{"line":17,"column":4},"end":{"line":17,"column":11}},"6":{"start":{"line":20,"column":15},"end":{"line":20,"column":51}},"7":{"start":{"line":22,"column":2},"end":{"line":25,"column":3}},"8":{"start":{"line":23,"column":4},"end":{"line":23,"column":54}},"9":{"start":{"line":24,"column":4},"end":{"line":24,"column":11}},"10":{"start":{"line":27,"column":3},"end":{"line":27,"column":49}},"11":{"start":{"line":29,"column":2},"end":{"line":29,"column":9}},"12":{"start":{"line":8,"column":13},"end":{"line":8,"column":27}}},"fnMap":{"0":{"name":"(anonymous_0)","decl":{"start":{"line":8,"column":27},"end":{"line":8,"column":32}},"loc":{"start":{"line":12,"column":19},"end":{"line":30,"column":1}}}},"branchMap":{"0":{"loc":{"start":{"line":15,"column":2},"end":{"line":18,"column":3}},"type":"if","locations":[{"start":{"line":15,"column":2},"end":{"line":18,"column":3}},{"start":{},"end":{}}]},"1":{"loc":{"start":{"line":22,"column":2},"end":{"line":25,"column":3}},"type":"if","locations":[{"start":{"line":22,"column":2},"end":{"line":25,"column":3}},{"start":{},"end":{}}]}},"s":{"0":3,"1":3,"2":11,"3":11,"4":1,"5":1,"6":10,"7":10,"8":0,"9":0,"10":10,"11":10,"12":3},"f":{"0":11},"b":{"0":[1,10],"1":[0,10]}}
,"/Users/administrador/Documents/Profesional/proyectos/MIMO Movies/src/models/movie.ts": {"path":"/Users/administrador/Documents/Profesional/proyectos/MIMO Movies/src/models/movie.ts","statementMap":{"0":{"start":{"line":1,"column":0},"end":{"line":1,"column":55}},"1":{"start":{"line":2,"column":0},"end":{"line":2,"column":59}},"2":{"start":{"line":8,"column":13},"end":{"line":95,"column":2}},"3":{"start":{"line":10,"column":4},"end":{"line":10,"column":17}},"4":{"start":{"line":14,"column":4},"end":{"line":14,"column":35}},"5":{"start":{"line":18,"column":41},"end":{"line":18,"column":43}},"6":{"start":{"line":20,"column":4},"end":{"line":23,"column":5}},"7":{"start":{"line":21,"column":6},"end":{"line":21,"column":39}},"8":{"start":{"line":22,"column":6},"end":{"line":22,"column":64}},"9":{"start":{"line":25,"column":28},"end":{"line":25,"column":69}},"10":{"start":{"line":26,"column":4},"end":{"line":26,"column":26}},"11":{"start":{"line":32,"column":18},"end":{"line":49,"column":6}},"12":{"start":{"line":51,"column":4},"end":{"line":51,"column":28}},"13":{"start":{"line":51,"column":16},"end":{"line":51,"column":28}},"14":{"start":{"line":53,"column":4},"end":{"line":53,"column":57}},"15":{"start":{"line":61,"column":43},"end":{"line":76,"column":8}},"16":{"start":{"line":79,"column":4},"end":{"line":83,"column":5}},"17":{"start":{"line":80,"column":21},"end":{"line":80,"column":61}},"18":{"start":{"line":81,"column":6},"end":{"line":81,"column":39}},"19":{"start":{"line":82,"column":6},"end":{"line":82,"column":30}},"20":{"start":{"line":85,"column":41},"end":{"line":85,"column":82}},"21":{"start":{"line":88,"column":18},"end":{"line":88,"column":79}},"22":{"start":{"line":90,"column":4},"end":{"line":93,"column":6}},"23":{"start":{"line":91,"column":28},"end":{"line":91,"column":50}}},"fnMap":{"0":{"name":"(anonymous_0)","decl":{"start":{"line":9,"column":2},"end":{"line":9,"column":6}},"loc":{"start":{"line":9,"column":11},"end":{"line":11,"column":3}}},"1":{"name":"(anonymous_1)","decl":{"start":{"line":13,"column":2},"end":{"line":13,"column":7}},"loc":{"start":{"line":13,"column":27},"end":{"line":15,"column":3}}},"2":{"name":"(anonymous_2)","decl":{"start":{"line":17,"column":2},"end":{"line":17,"column":7}},"loc":{"start":{"line":17,"column":60},"end":{"line":27,"column":3}}},"3":{"name":"(anonymous_3)","decl":{"start":{"line":31,"column":2},"end":{"line":31,"column":7}},"loc":{"start":{"line":31,"column":37},"end":{"line":54,"column":3}}},"4":{"name":"(anonymous_4)","decl":{"start":{"line":57,"column":2},"end":{"line":57,"column":7}},"loc":{"start":{"line":60,"column":3},"end":{"line":94,"column":3}}},"5":{"name":"(anonymous_5)","decl":{"start":{"line":91,"column":21},"end":{"line":91,"column":22}},"loc":{"start":{"line":91,"column":28},"end":{"line":91,"column":50}}}},"branchMap":{"0":{"loc":{"start":{"line":20,"column":4},"end":{"line":23,"column":5}},"type":"if","locations":[{"start":{"line":20,"column":4},"end":{"line":23,"column":5}},{"start":{},"end":{}}]},"1":{"loc":{"start":{"line":51,"column":4},"end":{"line":51,"column":28}},"type":"if","locations":[{"start":{"line":51,"column":4},"end":{"line":51,"column":28}},{"start":{},"end":{}}]},"2":{"loc":{"start":{"line":79,"column":4},"end":{"line":83,"column":5}},"type":"if","locations":[{"start":{"line":79,"column":4},"end":{"line":83,"column":5}},{"start":{},"end":{}}]},"3":{"loc":{"start":{"line":88,"column":18},"end":{"line":88,"column":79}},"type":"cond-expr","locations":[{"start":{"line":88,"column":47},"end":{"line":88,"column":65}},{"start":{"line":88,"column":68},"end":{"line":88,"column":79}}]}},"s":{"0":3,"1":3,"2":3,"3":11,"4":7,"5":0,"6":0,"7":0,"8":0,"9":0,"10":0,"11":2,"12":2,"13":1,"14":1,"15":2,"16":2,"17":2,"18":2,"19":2,"20":2,"21":2,"22":2,"23":5},"f":{"0":11,"1":7,"2":0,"3":2,"4":2,"5":5},"b":{"0":[0,0],"1":[1,1],"2":[2,0],"3":[2,0]}}
,"/Users/administrador/Documents/Profesional/proyectos/MIMO Movies/src/models/rating.ts": {"path":"/Users/administrador/Documents/Profesional/proyectos/MIMO Movies/src/models/rating.ts","statementMap":{"0":{"start":{"line":1,"column":0},"end":{"line":1,"column":62}},"1":{"start":{"line":4,"column":13},"end":{"line":66,"column":2}},"2":{"start":{"line":6,"column":4},"end":{"line":6,"column":18}},"3":{"start":{"line":10,"column":4},"end":{"line":10,"column":35}},"4":{"start":{"line":17,"column":4},"end":{"line":19,"column":7}},"5":{"start":{"line":26,"column":4},"end":{"line":28,"column":7}},"6":{"start":{"line":35,"column":43},"end":{"line":37,"column":8}},"7":{"start":{"line":39,"column":4},"end":{"line":42,"column":5}},"8":{"start":{"line":40,"column":6},"end":{"line":40,"column":39}},"9":{"start":{"line":41,"column":6},"end":{"line":41,"column":64}},"10":{"start":{"line":44,"column":19},"end":{"line":44,"column":60}},"11":{"start":{"line":45,"column":4},"end":{"line":45,"column":64}},"12":{"start":{"line":49,"column":4},"end":{"line":49,"column":37}},"13":{"start":{"line":56,"column":4},"end":{"line":58,"column":7}},"14":{"start":{"line":62,"column":4},"end":{"line":64,"column":7}}},"fnMap":{"0":{"name":"(anonymous_0)","decl":{"start":{"line":5,"column":2},"end":{"line":5,"column":6}},"loc":{"start":{"line":5,"column":11},"end":{"line":7,"column":3}}},"1":{"name":"(anonymous_1)","decl":{"start":{"line":9,"column":2},"end":{"line":9,"column":7}},"loc":{"start":{"line":9,"column":27},"end":{"line":11,"column":3}}},"2":{"name":"(anonymous_2)","decl":{"start":{"line":13,"column":2},"end":{"line":13,"column":7}},"loc":{"start":{"line":15,"column":19},"end":{"line":20,"column":3}}},"3":{"name":"(anonymous_3)","decl":{"start":{"line":22,"column":2},"end":{"line":22,"column":7}},"loc":{"start":{"line":24,"column":19},"end":{"line":29,"column":3}}},"4":{"name":"(anonymous_4)","decl":{"start":{"line":31,"column":2},"end":{"line":31,"column":7}},"loc":{"start":{"line":33,"column":48},"end":{"line":46,"column":3}}},"5":{"name":"(anonymous_5)","decl":{"start":{"line":48,"column":2},"end":{"line":48,"column":7}},"loc":{"start":{"line":48,"column":39},"end":{"line":50,"column":3}}},"6":{"name":"(anonymous_6)","decl":{"start":{"line":52,"column":2},"end":{"line":52,"column":7}},"loc":{"start":{"line":54,"column":35},"end":{"line":59,"column":3}}},"7":{"name":"(anonymous_7)","decl":{"start":{"line":61,"column":2},"end":{"line":61,"column":7}},"loc":{"start":{"line":61,"column":25},"end":{"line":65,"column":3}}}},"branchMap":{"0":{"loc":{"start":{"line":39,"column":4},"end":{"line":42,"column":5}},"type":"if","locations":[{"start":{"line":39,"column":4},"end":{"line":42,"column":5}},{"start":{},"end":{}}]}},"s":{"0":3,"1":3,"2":5,"3":0,"4":0,"5":3,"6":0,"7":0,"8":0,"9":0,"10":0,"11":0,"12":2,"13":0,"14":0},"f":{"0":5,"1":0,"2":0,"3":3,"4":0,"5":2,"6":0,"7":0},"b":{"0":[0,0]}}
,"/Users/administrador/Documents/Profesional/proyectos/MIMO Movies/src/models/user.ts": {"path":"/Users/administrador/Documents/Profesional/proyectos/MIMO Movies/src/models/user.ts","statementMap":{"0":{"start":{"line":1,"column":0},"end":{"line":1,"column":45}},"1":{"start":{"line":3,"column":13},"end":{"line":27,"column":2}},"2":{"start":{"line":5,"column":4},"end":{"line":5,"column":16}},"3":{"start":{"line":9,"column":4},"end":{"line":11,"column":7}},"4":{"start":{"line":15,"column":4},"end":{"line":15,"column":35}},"5":{"start":{"line":19,"column":4},"end":{"line":21,"column":7}},"6":{"start":{"line":25,"column":4},"end":{"line":25,"column":35}}},"fnMap":{"0":{"name":"(anonymous_0)","decl":{"start":{"line":4,"column":2},"end":{"line":4,"column":6}},"loc":{"start":{"line":4,"column":11},"end":{"line":6,"column":3}}},"1":{"name":"(anonymous_1)","decl":{"start":{"line":8,"column":2},"end":{"line":8,"column":7}},"loc":{"start":{"line":8,"column":35},"end":{"line":12,"column":3}}},"2":{"name":"(anonymous_2)","decl":{"start":{"line":14,"column":2},"end":{"line":14,"column":7}},"loc":{"start":{"line":14,"column":27},"end":{"line":16,"column":3}}},"3":{"name":"(anonymous_3)","decl":{"start":{"line":18,"column":2},"end":{"line":18,"column":7}},"loc":{"start":{"line":18,"column":39},"end":{"line":22,"column":3}}},"4":{"name":"(anonymous_4)","decl":{"start":{"line":24,"column":2},"end":{"line":24,"column":7}},"loc":{"start":{"line":24,"column":35},"end":{"line":26,"column":3}}}},"branchMap":{},"s":{"0":3,"1":3,"2":18,"3":10,"4":0,"5":0,"6":8},"f":{"0":18,"1":10,"2":0,"3":0,"4":8},"b":{}}
,"/Users/administrador/Documents/Profesional/proyectos/MIMO Movies/src/models/watchlistItem.ts": {"path":"/Users/administrador/Documents/Profesional/proyectos/MIMO Movies/src/models/watchlistItem.ts","statementMap":{"0":{"start":{"line":1,"column":0},"end":{"line":1,"column":70}},"1":{"start":{"line":8,"column":13},"end":{"line":94,"column":2}},"2":{"start":{"line":10,"column":4},"end":{"line":10,"column":25}},"3":{"start":{"line":14,"column":4},"end":{"line":14,"column":35}},"4":{"start":{"line":21,"column":4},"end":{"line":23,"column":7}},"5":{"start":{"line":30,"column":4},"end":{"line":32,"column":7}},"6":{"start":{"line":39,"column":41},"end":{"line":48,"column":6}},"7":{"start":{"line":50,"column":4},"end":{"line":54,"column":5}},"8":{"start":{"line":51,"column":21},"end":{"line":51,"column":61}},"9":{"start":{"line":52,"column":6},"end":{"line":52,"column":39}},"10":{"start":{"line":53,"column":6},"end":{"line":53,"column":30}},"11":{"start":{"line":56,"column":28},"end":{"line":56,"column":69}},"12":{"start":{"line":59,"column":28},"end":{"line":71,"column":6}},"13":{"start":{"line":60,"column":20},"end":{"line":60,"column":null}},"14":{"start":{"line":63,"column":6},"end":{"line":70,"column":34}},"15":{"start":{"line":73,"column":4},"end":{"line":73,"column":44}},"16":{"start":{"line":77,"column":4},"end":{"line":77,"column":35}},"17":{"start":{"line":84,"column":4},"end":{"line":86,"column":7}},"18":{"start":{"line":90,"column":4},"end":{"line":92,"column":7}}},"fnMap":{"0":{"name":"(anonymous_0)","decl":{"start":{"line":9,"column":2},"end":{"line":9,"column":6}},"loc":{"start":{"line":9,"column":11},"end":{"line":11,"column":3}}},"1":{"name":"(anonymous_1)","decl":{"start":{"line":13,"column":2},"end":{"line":13,"column":7}},"loc":{"start":{"line":13,"column":27},"end":{"line":15,"column":3}}},"2":{"name":"(anonymous_2)","decl":{"start":{"line":17,"column":2},"end":{"line":17,"column":7}},"loc":{"start":{"line":19,"column":18},"end":{"line":24,"column":3}}},"3":{"name":"(anonymous_3)","decl":{"start":{"line":26,"column":2},"end":{"line":26,"column":7}},"loc":{"start":{"line":28,"column":19},"end":{"line":33,"column":3}}},"4":{"name":"(anonymous_4)","decl":{"start":{"line":35,"column":2},"end":{"line":35,"column":7}},"loc":{"start":{"line":37,"column":48},"end":{"line":74,"column":3}}},"5":{"name":"(anonymous_5)","decl":{"start":{"line":59,"column":37},"end":{"line":59,"column":38}},"loc":{"start":{"line":59,"column":46},"end":{"line":71,"column":5}}},"6":{"name":"(anonymous_6)","decl":{"start":{"line":76,"column":2},"end":{"line":76,"column":7}},"loc":{"start":{"line":76,"column":44},"end":{"line":78,"column":3}}},"7":{"name":"(anonymous_7)","decl":{"start":{"line":80,"column":2},"end":{"line":80,"column":7}},"loc":{"start":{"line":82,"column":42},"end":{"line":87,"column":3}}},"8":{"name":"(anonymous_8)","decl":{"start":{"line":89,"column":2},"end":{"line":89,"column":7}},"loc":{"start":{"line":89,"column":25},"end":{"line":93,"column":3}}}},"branchMap":{"0":{"loc":{"start":{"line":50,"column":4},"end":{"line":54,"column":5}},"type":"if","locations":[{"start":{"line":50,"column":4},"end":{"line":54,"column":5}},{"start":{},"end":{}}]},"1":{"loc":{"start":{"line":69,"column":15},"end":{"line":69,"column":39}},"type":"binary-expr","locations":[{"start":{"line":69,"column":15},"end":{"line":69,"column":33}},{"start":{"line":69,"column":37},"end":{"line":69,"column":39}}]}},"s":{"0":3,"1":3,"2":10,"3":1,"4":1,"5":4,"6":0,"7":0,"8":0,"9":0,"10":0,"11":0,"12":0,"13":0,"14":0,"15":0,"16":3,"17":1,"18":0},"f":{"0":10,"1":1,"2":1,"3":4,"4":0,"5":0,"6":3,"7":1,"8":0},"b":{"0":[0,0],"1":[0,0]}}
,"/Users/administrador/Documents/Profesional/proyectos/MIMO Movies/src/routes/movies.routes.ts": {"path":"/Users/administrador/Documents/Profesional/proyectos/MIMO Movies/src/routes/movies.routes.ts","statementMap":{"0":{"start":{"line":1,"column":0},"end":{"line":1,"column":30}},"1":{"start":{"line":2,"column":0},"end":{"line":2,"column":68}},"2":{"start":{"line":4,"column":0},"end":{"line":4,"column":49}},"3":{"start":{"line":8,"column":15},"end":{"line":8,"column":31}},"4":{"start":{"line":15,"column":19},"end":{"line":15,"column":31}},"5":{"start":{"line":11,"column":0},"end":{"line":11,"column":47}},"6":{"start":{"line":12,"column":0},"end":{"line":12,"column":55}},"7":{"start":{"line":13,"column":0},"end":{"line":13,"column":47}}},"fnMap":{},"branchMap":{},"s":{"0":3,"1":3,"2":3,"3":3,"4":3,"5":3,"6":3,"7":3},"f":{},"b":{}}
,"/Users/administrador/Documents/Profesional/proyectos/MIMO Movies/src/routes/ratings.routes.ts": {"path":"/Users/administrador/Documents/Profesional/proyectos/MIMO Movies/src/routes/ratings.routes.ts","statementMap":{"0":{"start":{"line":1,"column":0},"end":{"line":1,"column":30}},"1":{"start":{"line":2,"column":0},"end":{"line":2,"column":70}},"2":{"start":{"line":3,"column":0},"end":{"line":3,"column":57}},"3":{"start":{"line":4,"column":0},"end":{"line":4,"column":65}},"4":{"start":{"line":5,"column":0},"end":{"line":5,"column":56}},"5":{"start":{"line":7,"column":15},"end":{"line":7,"column":52}},"6":{"start":{"line":32,"column":19},"end":{"line":32,"column":32}},"7":{"start":{"line":9,"column":0},"end":{"line":9,"column":42}},"8":{"start":{"line":10,"column":0},"end":{"line":10,"column":52}},"9":{"start":{"line":12,"column":0},"end":{"line":17,"column":2}},"10":{"start":{"line":19,"column":0},"end":{"line":24,"column":2}},"11":{"start":{"line":26,"column":0},"end":{"line":30,"column":2}}},"fnMap":{},"branchMap":{},"s":{"0":3,"1":3,"2":3,"3":3,"4":3,"5":3,"6":3,"7":3,"8":3,"9":3,"10":3,"11":3},"f":{},"b":{}}
,"/Users/administrador/Documents/Profesional/proyectos/MIMO Movies/src/routes/watchlist.routes.ts": {"path":"/Users/administrador/Documents/Profesional/proyectos/MIMO Movies/src/routes/watchlist.routes.ts","statementMap":{"0":{"start":{"line":1,"column":0},"end":{"line":1,"column":30}},"1":{"start":{"line":2,"column":0},"end":{"line":2,"column":74}},"2":{"start":{"line":3,"column":0},"end":{"line":3,"column":57}},"3":{"start":{"line":4,"column":0},"end":{"line":4,"column":65}},"4":{"start":{"line":5,"column":0},"end":{"line":5,"column":62}},"5":{"start":{"line":7,"column":15},"end":{"line":7,"column":31}},"6":{"start":{"line":27,"column":19},"end":{"line":27,"column":34}},"7":{"start":{"line":9,"column":0},"end":{"line":9,"column":24}},"8":{"start":{"line":11,"column":0},"end":{"line":11,"column":51}},"9":{"start":{"line":13,"column":0},"end":{"line":17,"column":2}},"10":{"start":{"line":19,"column":0},"end":{"line":23,"column":2}},"11":{"start":{"line":25,"column":0},"end":{"line":25,"column":68}}},"fnMap":{},"branchMap":{},"s":{"0":3,"1":3,"2":3,"3":3,"4":3,"5":3,"6":3,"7":3,"8":3,"9":3,"10":3,"11":3},"f":{},"b":{}}
,"/Users/administrador/Documents/Profesional/proyectos/MIMO Movies/src/schemas/rating.schema.ts": {"path":"/Users/administrador/Documents/Profesional/proyectos/MIMO Movies/src/schemas/rating.schema.ts","statementMap":{"0":{"start":{"line":1,"column":0},"end":{"line":1,"column":22}},"1":{"start":{"line":3,"column":13},"end":{"line":13,"column":2}}},"fnMap":{},"branchMap":{},"s":{"0":3,"1":3},"f":{},"b":{}}
,"/Users/administrador/Documents/Profesional/proyectos/MIMO Movies/src/schemas/watchlist.schema.ts": {"path":"/Users/administrador/Documents/Profesional/proyectos/MIMO Movies/src/schemas/watchlist.schema.ts","statementMap":{"0":{"start":{"line":1,"column":0},"end":{"line":1,"column":22}},"1":{"start":{"line":3,"column":13},"end":{"line":11,"column":2}}},"fnMap":{},"branchMap":{},"s":{"0":3,"1":3},"f":{},"b":{}}
,"/Users/administrador/Documents/Profesional/proyectos/MIMO Movies/src/utils/pagination.ts": {"path":"/Users/administrador/Documents/Profesional/proyectos/MIMO Movies/src/utils/pagination.ts","statementMap":{"0":{"start":{"line":21,"column":0},"end":{"line":21,"column":16}},"1":{"start":{"line":43,"column":0},"end":{"line":43,"column":16}},"2":{"start":{"line":54,"column":0},"end":{"line":54,"column":16}},"3":{"start":{"line":25,"column":21},"end":{"line":25,"column":55}},"4":{"start":{"line":26,"column":22},"end":{"line":26,"column":57}},"5":{"start":{"line":28,"column":15},"end":{"line":28,"column":62}},"6":{"start":{"line":29,"column":16},"end":{"line":31,"column":null}},"7":{"start":{"line":34,"column":2},"end":{"line":34,"column":25}},"8":{"start":{"line":44,"column":2},"end":{"line":44,"column":34}},"9":{"start":{"line":59,"column":2},"end":{"line":64,"column":4}}},"fnMap":{"0":{"name":"parsePaginationParams","decl":{"start":{"line":21,"column":16},"end":{"line":21,"column":37}},"loc":{"start":{"line":23,"column":27},"end":{"line":35,"column":1}}},"1":{"name":"calculateTotalPages","decl":{"start":{"line":43,"column":16},"end":{"line":43,"column":35}},"loc":{"start":{"line":43,"column":64},"end":{"line":45,"column":1}}},"2":{"name":"createPaginationMetadata","decl":{"start":{"line":54,"column":16},"end":{"line":54,"column":40}},"loc":{"start":{"line":57,"column":15},"end":{"line":65,"column":1}}}},"branchMap":{"0":{"loc":{"start":{"line":23,"column":2},"end":{"line":23,"column":27}},"type":"default-arg","locations":[{"start":{"line":23,"column":25},"end":{"line":23,"column":27}}]},"1":{"loc":{"start":{"line":28,"column":27},"end":{"line":28,"column":61}},"type":"cond-expr","locations":[{"start":{"line":28,"column":47},"end":{"line":28,"column":48}},{"start":{"line":28,"column":51},"end":{"line":28,"column":61}}]},"2":{"loc":{"start":{"line":31,"column":4},"end":{"line":31,"column":72}},"type":"cond-expr","locations":[{"start":{"line":31,"column":46},"end":{"line":31,"column":58}},{"start":{"line":31,"column":61},"end":{"line":31,"column":72}}]},"3":{"loc":{"start":{"line":31,"column":4},"end":{"line":31,"column":43}},"type":"binary-expr","locations":[{"start":{"line":31,"column":4},"end":{"line":31,"column":22}},{"start":{"line":31,"column":26},"end":{"line":31,"column":43}}]}},"s":{"0":3,"1":3,"2":3,"3":2,"4":2,"5":2,"6":2,"7":2,"8":2,"9":2},"f":{"0":2,"1":2,"2":2},"b":{"0":[2],"1":[1,1],"2":[1,1],"3":[2,1]}}
}
