TN:
SF:src/app.ts
FNF:0
FNH:0
DA:1,3
DA:2,3
DA:3,3
DA:4,3
DA:5,3
DA:6,3
DA:8,3
DA:10,3
DA:11,3
DA:13,3
DA:14,3
DA:16,3
DA:17,3
DA:19,3
LF:14
LH:14
BRF:0
BRH:0
end_of_record
TN:
SF:src/auth.ts
FN:3,(anonymous_1)
FNF:1
FNH:1
FNDA:8,(anonymous_1)
DA:1,2
DA:3,2
DA:4,8
LF:3
LH:3
BRF:0
BRH:0
end_of_record
TN:
SF:src/config.ts
FNF:0
FNH:0
DA:1,3
DA:6,3
LF:2
LH:2
BRDA:2,0,0,3
BRDA:2,0,1,3
BRDA:3,1,0,3
BRDA:3,1,1,3
BRF:4
BRH:4
end_of_record
TN:
SF:src/db.ts
FN:94,(anonymous_0)
FN:98,(anonymous_1)
FN:293,(anonymous_2)
FN:297,(anonymous_3)
FNF:4
FNH:2
FNDA:12,(anonymous_0)
FNDA:3,(anonymous_1)
FNDA:0,(anonymous_2)
FNDA:0,(anonymous_3)
DA:1,3
DA:2,3
DA:44,3
DA:52,3
DA:59,3
DA:68,3
DA:83,3
DA:93,3
DA:95,12
DA:100,3
DA:137,3
DA:166,3
DA:224,3
DA:278,3
DA:279,3
DA:281,3
DA:282,3
DA:284,3
DA:285,3
DA:287,3
DA:288,3
DA:290,3
DA:294,0
DA:298,0
DA:302,3
LF:25
LH:23
BRF:0
BRH:0
end_of_record
TN:
SF:src/controllers/movies.controller.ts
FN:11,(anonymous_0)
FN:29,(anonymous_1)
FNF:2
FNH:2
FNDA:2,(anonymous_0)
FNDA:2,(anonymous_1)
DA:2,3
DA:3,3
DA:8,3
DA:12,2
DA:14,2
DA:16,2
DA:22,2
DA:30,2
DA:32,2
DA:33,0
DA:34,0
DA:37,2
DA:39,2
DA:40,1
DA:41,1
DA:44,1
LF:16
LH:14
BRDA:32,0,0,0
BRDA:32,0,1,2
BRDA:39,1,0,1
BRDA:39,1,1,1
BRF:4
BRH:3
end_of_record
TN:
SF:src/controllers/ratings.controller.ts
FN:15,(anonymous_0)
FN:37,(anonymous_1)
FN:55,(anonymous_2)
FN:89,(anonymous_3)
FN:115,(anonymous_4)
FNF:5
FNH:1
FNDA:0,(anonymous_0)
FNDA:0,(anonymous_1)
FNDA:3,(anonymous_2)
FNDA:0,(anonymous_3)
FNDA:0,(anonymous_4)
DA:2,3
DA:3,3
DA:4,3
DA:13,3
DA:16,0
DA:17,0
DA:19,0
DA:20,0
DA:21,0
DA:22,0
DA:25,0
DA:30,0
DA:38,0
DA:39,0
DA:41,0
DA:46,0
DA:47,0
DA:48,0
DA:51,0
DA:56,3
DA:57,3
DA:59,3
DA:60,3
DA:61,0
DA:62,0
DA:65,3
DA:70,3
DA:71,1
DA:72,1
DA:75,2
DA:82,2
DA:90,0
DA:91,0
DA:93,0
DA:98,0
DA:99,0
DA:100,0
DA:103,0
DA:104,0
DA:105,0
DA:108,0
DA:110,0
DA:111,0
DA:116,0
DA:117,0
DA:119,0
DA:124,0
DA:125,0
DA:126,0
DA:129,0
DA:130,0
DA:131,0
DA:134,0
DA:135,0
LF:54
LH:14
BRDA:20,0,0,0
BRDA:20,0,1,0
BRDA:46,1,0,0
BRDA:46,1,1,0
BRDA:60,2,0,0
BRDA:60,2,1,3
BRDA:70,3,0,1
BRDA:70,3,1,2
BRDA:98,4,0,0
BRDA:98,4,1,0
BRDA:103,5,0,0
BRDA:103,5,1,0
BRDA:124,6,0,0
BRDA:124,6,1,0
BRDA:129,7,0,0
BRDA:129,7,1,0
BRF:16
BRH:3
end_of_record
TN:
SF:src/controllers/watchlist.controller.ts
FN:16,(anonymous_0)
FN:45,(anonymous_1)
FN:84,(anonymous_2)
FN:112,(anonymous_3)
FNF:4
FNH:3
FNDA:1,(anonymous_0)
FNDA:4,(anonymous_1)
FNDA:1,(anonymous_2)
FNDA:0,(anonymous_3)
DA:2,3
DA:3,3
DA:4,3
DA:5,3
DA:14,3
DA:17,1
DA:18,1
DA:20,1
DA:21,1
DA:22,1
DA:25,0
DA:26,0
DA:27,0
DA:28,0
DA:31,0
DA:33,0
DA:38,0
DA:46,4
DA:47,4
DA:48,4
DA:50,4
DA:51,0
DA:52,0
DA:55,4
DA:56,4
DA:57,0
DA:58,0
DA:61,4
DA:66,4
DA:67,1
DA:68,1
DA:71,3
DA:77,3
DA:85,1
DA:86,1
DA:88,1
DA:89,0
DA:90,0
DA:93,1
DA:98,1
DA:99,0
DA:100,0
DA:103,1
DA:107,1
DA:108,1
DA:113,0
DA:114,0
DA:116,0
DA:117,0
DA:118,0
DA:121,0
DA:126,0
DA:127,0
DA:128,0
DA:131,0
DA:132,0
LF:56
LH:30
BRDA:20,0,0,1
BRDA:20,0,1,0
BRDA:26,1,0,0
BRDA:26,1,1,0
BRDA:50,2,0,0
BRDA:50,2,1,4
BRDA:56,3,0,0
BRDA:56,3,1,4
BRDA:66,4,0,1
BRDA:66,4,1,3
BRDA:88,5,0,0
BRDA:88,5,1,1
BRDA:98,6,0,0
BRDA:98,6,1,1
BRDA:116,7,0,0
BRDA:116,7,1,0
BRDA:126,8,0,0
BRDA:126,8,1,0
BRF:18
BRH:7
end_of_record
TN:
SF:src/middlewares/errorHandler.ts
FN:3,(anonymous_0)
FNF:1
FNH:0
FNDA:0,(anonymous_0)
DA:3,3
DA:9,0
DA:10,0
DA:13,0
DA:15,0
LF:5
LH:1
BRDA:9,0,0,0
BRDA:9,0,1,0
BRF:2
BRH:0
end_of_record
TN:
SF:src/middlewares/notFoundHandler.ts
FN:3,(anonymous_0)
FNF:1
FNH:0
FNDA:0,(anonymous_0)
DA:3,3
DA:4,0
LF:2
LH:1
BRF:0
BRH:0
end_of_record
TN:
SF:src/middlewares/respondTo.ts
FN:4,(anonymous_0)
FN:5,(anonymous_1)
FN:7,(anonymous_2)
FN:9,(anonymous_3)
FN:17,(anonymous_4)
FNF:5
FNH:4
FNDA:3,(anonymous_0)
FNDA:15,(anonymous_1)
FNDA:15,(anonymous_2)
FNDA:15,(anonymous_3)
FNDA:0,(anonymous_4)
DA:3,3
DA:4,3
DA:5,3
DA:6,15
DA:7,15
DA:10,15
DA:15,15
DA:18,0
LF:8
LH:7
BRF:0
BRH:0
end_of_record
TN:
SF:src/middlewares/validatePayload.ts
FN:5,(anonymous_0)
FN:6,(anonymous_1)
FNF:2
FNH:2
FNDA:12,(anonymous_0)
FNDA:9,(anonymous_1)
DA:4,3
DA:5,3
DA:6,12
DA:7,9
DA:8,9
DA:10,9
DA:11,1
DA:12,1
DA:15,8
LF:9
LH:9
BRDA:10,0,0,1
BRDA:10,0,1,8
BRF:2
BRH:2
end_of_record
TN:
SF:src/middlewares/verifyToken.ts
FN:8,(anonymous_0)
FNF:1
FNH:1
FNDA:11,(anonymous_0)
DA:2,3
DA:8,3
DA:13,11
DA:15,11
DA:16,1
DA:17,1
DA:20,10
DA:22,10
DA:23,0
DA:24,0
DA:27,10
DA:29,10
LF:12
LH:10
BRDA:15,0,0,1
BRDA:15,0,1,10
BRDA:22,1,0,0
BRDA:22,1,1,10
BRF:4
BRH:3
end_of_record
TN:
SF:src/models/movie.ts
FN:9,(anonymous_0)
FN:13,(anonymous_1)
FN:17,(anonymous_2)
FN:31,(anonymous_3)
FN:57,(anonymous_4)
FN:91,(anonymous_5)
FNF:6
FNH:5
FNDA:11,(anonymous_0)
FNDA:7,(anonymous_1)
FNDA:0,(anonymous_2)
FNDA:2,(anonymous_3)
FNDA:2,(anonymous_4)
FNDA:5,(anonymous_5)
DA:1,3
DA:2,3
DA:8,3
DA:10,11
DA:14,7
DA:18,0
DA:20,0
DA:21,0
DA:22,0
DA:25,0
DA:26,0
DA:32,2
DA:51,2
DA:53,1
DA:61,2
DA:79,2
DA:80,2
DA:81,2
DA:82,2
DA:85,2
DA:88,2
DA:90,2
DA:91,5
LF:23
LH:17
BRDA:20,0,0,0
BRDA:20,0,1,0
BRDA:51,1,0,1
BRDA:51,1,1,1
BRDA:79,2,0,2
BRDA:79,2,1,0
BRDA:88,3,0,2
BRDA:88,3,1,0
BRF:8
BRH:4
end_of_record
TN:
SF:src/models/rating.ts
FN:5,(anonymous_0)
FN:9,(anonymous_1)
FN:13,(anonymous_2)
FN:22,(anonymous_3)
FN:31,(anonymous_4)
FN:48,(anonymous_5)
FN:52,(anonymous_6)
FN:61,(anonymous_7)
FNF:8
FNH:3
FNDA:5,(anonymous_0)
FNDA:0,(anonymous_1)
FNDA:0,(anonymous_2)
FNDA:3,(anonymous_3)
FNDA:0,(anonymous_4)
FNDA:2,(anonymous_5)
FNDA:0,(anonymous_6)
FNDA:0,(anonymous_7)
DA:1,3
DA:4,3
DA:6,5
DA:10,0
DA:17,0
DA:26,3
DA:35,0
DA:39,0
DA:40,0
DA:41,0
DA:44,0
DA:45,0
DA:49,2
DA:56,0
DA:62,0
LF:15
LH:5
BRDA:39,0,0,0
BRDA:39,0,1,0
BRF:2
BRH:0
end_of_record
TN:
SF:src/models/user.ts
FN:4,(anonymous_0)
FN:8,(anonymous_1)
FN:14,(anonymous_2)
FN:18,(anonymous_3)
FN:24,(anonymous_4)
FNF:5
FNH:3
FNDA:18,(anonymous_0)
FNDA:10,(anonymous_1)
FNDA:0,(anonymous_2)
FNDA:0,(anonymous_3)
FNDA:8,(anonymous_4)
DA:1,3
DA:3,3
DA:5,18
DA:9,10
DA:15,0
DA:19,0
DA:25,8
LF:7
LH:5
BRF:0
BRH:0
end_of_record
TN:
SF:src/models/watchlistItem.ts
FN:9,(anonymous_0)
FN:13,(anonymous_1)
FN:17,(anonymous_2)
FN:26,(anonymous_3)
FN:35,(anonymous_4)
FN:59,(anonymous_5)
FN:76,(anonymous_6)
FN:80,(anonymous_7)
FN:89,(anonymous_8)
FNF:9
FNH:6
FNDA:10,(anonymous_0)
FNDA:1,(anonymous_1)
FNDA:1,(anonymous_2)
FNDA:4,(anonymous_3)
FNDA:0,(anonymous_4)
FNDA:0,(anonymous_5)
FNDA:3,(anonymous_6)
FNDA:1,(anonymous_7)
FNDA:0,(anonymous_8)
DA:1,3
DA:8,3
DA:10,10
DA:14,1
DA:21,1
DA:30,4
DA:39,0
DA:50,0
DA:51,0
DA:52,0
DA:53,0
DA:56,0
DA:59,0
DA:60,0
DA:63,0
DA:73,0
DA:77,3
DA:84,1
DA:90,0
LF:19
LH:8
BRDA:50,0,0,0
BRDA:50,0,1,0
BRDA:69,1,0,0
BRDA:69,1,1,0
BRF:4
BRH:0
end_of_record
TN:
SF:src/routes/movies.routes.ts
FNF:0
FNH:0
DA:1,3
DA:2,3
DA:4,3
DA:8,3
DA:11,3
DA:12,3
DA:13,3
DA:15,3
LF:8
LH:8
BRF:0
BRH:0
end_of_record
TN:
SF:src/routes/ratings.routes.ts
FNF:0
FNH:0
DA:1,3
DA:2,3
DA:3,3
DA:4,3
DA:5,3
DA:7,3
DA:9,3
DA:10,3
DA:12,3
DA:19,3
DA:26,3
DA:32,3
LF:12
LH:12
BRF:0
BRH:0
end_of_record
TN:
SF:src/routes/watchlist.routes.ts
FNF:0
FNH:0
DA:1,3
DA:2,3
DA:3,3
DA:4,3
DA:5,3
DA:7,3
DA:9,3
DA:11,3
DA:13,3
DA:19,3
DA:25,3
DA:27,3
LF:12
LH:12
BRF:0
BRH:0
end_of_record
TN:
SF:src/schemas/rating.schema.ts
FNF:0
FNH:0
DA:1,3
DA:3,3
LF:2
LH:2
BRF:0
BRH:0
end_of_record
TN:
SF:src/schemas/watchlist.schema.ts
FNF:0
FNH:0
DA:1,3
DA:3,3
LF:2
LH:2
BRF:0
BRH:0
end_of_record
TN:
SF:src/utils/pagination.ts
FN:21,parsePaginationParams
FN:43,calculateTotalPages
FN:54,createPaginationMetadata
FNF:3
FNH:3
FNDA:2,parsePaginationParams
FNDA:2,calculateTotalPages
FNDA:2,createPaginationMetadata
DA:21,3
DA:25,2
DA:26,2
DA:28,2
DA:29,2
DA:34,2
DA:43,3
DA:44,2
DA:54,3
DA:59,2
LF:10
LH:10
BRDA:23,0,0,2
BRDA:28,1,0,1
BRDA:28,1,1,1
BRDA:31,2,0,1
BRDA:31,2,1,1
BRDA:31,3,0,2
BRDA:31,3,1,1
BRF:7
BRH:7
end_of_record
